2025-04-15 12:21:05,953:INFO:Creating table:
CREATE TABLE [temp_harsh] (
    [zohocontactid] NVARCHAR(MAX),
    [zohoaccountid] NVARCHAR(MAX),
    [companyname] NVARCHAR(MAX),
    [contactname] NVARCHAR(MAX),
    [country] NVARCHAR(MAX),
    [contactowner] NVARCHAR(MAX),
    [email] NVARCHAR(MAX),
    [secondaryemail] NVARCHAR(MAX),
    [servicecategory] NVARCHAR(MAX),
    [servicesubcategory] NVARCHAR(MAX),
    [datasource] NVARCHAR(MAX),
    [industrytype] NVARCHAR(MAX),
    [exhibitionname] NVARCHAR(MAX),
    [chemicalsegments] NVARCHAR(MAX),
    [reasonremovedcompany] NVARCHAR(MAX),
    [leadtype] NVARCHAR(MAX),
    [leadsource] NVARCHAR(MAX),
    [contactcreatedtime] NVARCHAR(MAX),
    [contactmodifiedtime] NVARCHAR(MAX),
    [taskdealid] NVARCHAR(MAX),
    [ownername] NVARCHAR(MAX),
    [productname] NVARCHAR(MAX),
    [nuproductname] NVARCHAR(MAX),
    [stage] NVARCHAR(MAX),
    [duedate] NVARCHAR(MAX),
    [amount] NVARCHAR(MAX),
    [conversiontype] NVARCHAR(MAX),
    [conversionreason] NVARCHAR(MAX),
    [closereason] NVARCHAR(MAX),
    [closelostreasoncomment] NVARCHAR(MAX),
    [taskdealcreateddate] NVARCHAR(MAX),
    [taskdealmodifieddate] NVARCHAR(MAX),
    [taskdealdate] NVARCHAR(MAX),
    [forecast] NVARCHAR(MAX)
);
2025-04-15 12:28:22,878:INFO:Creating table:
CREATE TABLE [temp_harsh] (
    [company_name] NVARCHAR(MAX),
    [detail_url] NVARCHAR(MAX),
    [address] NVARCHAR(MAX),
    [phone] NVARCHAR(MAX),
    [email] NVARCHAR(MAX),
    [website] NVARCHAR(MAX),
    [booth] NVARCHAR(MAX),
    [about] NVARCHAR(MAX),
    [social_links] NVARCHAR(MAX)
);
2025-04-15 12:31:43,960:INFO:Creating table:
CREATE TABLE [temp_harsh] (
    [country] NVARCHAR(MAX),
    [year] NVARCHAR(MAX),
    [value] NVARCHAR(MAX),
    [amountunit] NVARCHAR(MAX),
    [unit] NVARCHAR(MAX),
    [source] NVARCHAR(MAX)
);
2025-04-15 12:42:39,093:INFO:Creating table:
CREATE TABLE [temp_harsh] (
    [zohocontactid] NVARCHAR(MAX),
    [zohoaccountid] NVARCHAR(MAX),
    [companyname] NVARCHAR(MAX),
    [contactname] NVARCHAR(MAX),
    [country] NVARCHAR(MAX),
    [contactowner] NVARCHAR(MAX),
    [email] NVARCHAR(MAX),
    [secondaryemail] NVARCHAR(MAX),
    [servicecategory] NVARCHAR(MAX),
    [servicesubcategory] NVARCHAR(MAX),
    [datasource] NVARCHAR(MAX),
    [industrytype] NVARCHAR(MAX),
    [exhibitionname] NVARCHAR(MAX),
    [chemicalsegments] NVARCHAR(MAX),
    [reasonremovedcompany] NVARCHAR(MAX),
    [leadtype] NVARCHAR(MAX),
    [leadsource] NVARCHAR(MAX),
    [contactcreatedtime] NVARCHAR(MAX),
    [contactmodifiedtime] NVARCHAR(MAX),
    [taskdealid] NVARCHAR(MAX),
    [ownername] NVARCHAR(MAX),
    [productname] NVARCHAR(MAX),
    [nuproductname] NVARCHAR(MAX),
    [stage] NVARCHAR(MAX),
    [duedate] NVARCHAR(MAX),
    [amount] NVARCHAR(MAX),
    [conversiontype] NVARCHAR(MAX),
    [conversionreason] NVARCHAR(MAX),
    [closereason] NVARCHAR(MAX),
    [closelostreasoncomment] NVARCHAR(MAX),
    [taskdealcreateddate] NVARCHAR(MAX),
    [taskdealmodifieddate] NVARCHAR(MAX),
    [taskdealdate] NVARCHAR(MAX),
    [forecast] NVARCHAR(MAX)
);
